<?xml version="1.0" encoding="UTF-8"?>
<testng-results ignored="0" total="1" passed="1" failed="0" skipped="0">
  <reporter-output>
  </reporter-output>
  <suite started-at="2024-03-31T10:22:19 IST" name="test_suite" finished-at="2024-03-31T10:22:28 IST" duration-ms="8366">
    <groups>
    </groups>
    <test started-at="2024-03-31T10:22:19 IST" name="Test check" finished-at="2024-03-31T10:22:28 IST" duration-ms="8366">
      <class name="sampleTestPackage.SampleTestClass">
        <test-method is-config="true" signature="driverLaunch()[pri:0, instance:sampleTestPackage.SampleTestClass@55740540]" started-at="2024-03-31T10:22:19 IST" name="driverLaunch" finished-at="2024-03-31T10:22:25 IST" duration-ms="5817" status="PASS">
          <reporter-output>
          </reporter-output>
        </test-method> <!-- driverLaunch -->
        <test-method signature="sampleForm()[pri:0, instance:sampleTestPackage.SampleTestClass@55740540]" started-at="2024-03-31T10:22:25 IST" name="sampleForm" finished-at="2024-03-31T10:22:27 IST" duration-ms="2358" status="PASS">
          <reporter-output>
          </reporter-output>
        </test-method> <!-- sampleForm -->
        <test-method is-config="true" signature="driverCLose()[pri:0, instance:sampleTestPackage.SampleTestClass@55740540]" started-at="2024-03-31T10:22:27 IST" name="driverCLose" finished-at="2024-03-31T10:22:28 IST" duration-ms="157" status="PASS">
          <reporter-output>
          </reporter-output>
        </test-method> <!-- driverCLose -->
      </class> <!-- sampleTestPackage.SampleTestClass -->
    </test> <!-- Test check -->
  </suite> <!-- test_suite -->
</testng-results>
