<?xml version="1.0" encoding="UTF-8"?>
<testng-results ignored="0" total="1" passed="1" failed="0" skipped="0">
  <reporter-output>
  </reporter-output>
  <suite started-at="2024-03-31T10:21:00 IST" name="Default suite" finished-at="2024-03-31T10:21:12 IST" duration-ms="12310">
    <groups>
    </groups>
    <test started-at="2024-03-31T10:21:00 IST" name="Default test" finished-at="2024-03-31T10:21:12 IST" duration-ms="12310">
      <class name="sampleTestPackage.SampleTestClass">
        <test-method is-config="true" signature="driverLaunch()[pri:0, instance:sampleTestPackage.SampleTestClass@6bd61f98]" started-at="2024-03-31T10:21:00 IST" name="driverLaunch" finished-at="2024-03-31T10:21:07 IST" duration-ms="7172" status="PASS">
          <reporter-output>
          </reporter-output>
        </test-method> <!-- driverLaunch -->
        <test-method signature="sampleForm()[pri:0, instance:sampleTestPackage.SampleTestClass@6bd61f98]" started-at="2024-03-31T10:21:07 IST" name="sampleForm" finished-at="2024-03-31T10:21:12 IST" duration-ms="4996" status="PASS">
          <reporter-output>
          </reporter-output>
        </test-method> <!-- sampleForm -->
        <test-method is-config="true" signature="driverCLose()[pri:0, instance:sampleTestPackage.SampleTestClass@6bd61f98]" started-at="2024-03-31T10:21:12 IST" name="driverCLose" finished-at="2024-03-31T10:21:12 IST" duration-ms="111" status="PASS">
          <reporter-output>
          </reporter-output>
        </test-method> <!-- driverCLose -->
      </class> <!-- sampleTestPackage.SampleTestClass -->
    </test> <!-- Default test -->
  </suite> <!-- Default suite -->
</testng-results>
